2025-04-14 22:09:06.784449 - Received CBT.V508.FILE014.PDS from FILE014.XMI 
2025-04-14 22:09:06.786548 - Found $$$#DATE.txt (text/plain) in CBT.V508.FILE014.PDS, moved to PDS/$$$#DATE
2025-04-14 22:09:06.786712 - Found $$$INTRO.txt (text/plain) in CBT.V508.FILE014.PDS, moved to PDS/$$$INTRO
2025-04-14 22:09:06.787363 - Found $$IEFU83.txt (text/plain) in CBT.V508.FILE014.PDS, moved to PDS/$$IEFU83
2025-04-14 22:09:06.787664 - Found @FILE014.txt (text/plain) in CBT.V508.FILE014.PDS, moved to PDS/@FILE014
2025-04-14 22:09:06.787979 - Found @PDSART0.bin (application/octet-stream) in CBT.V508.FILE014.PDS, moved to PDS/@PDSART0
2025-04-14 22:09:06.788401 - Found @PDSART1.txt (text/plain) in CBT.V508.FILE014.PDS, moved to PDS/@PDSART1
2025-04-14 22:09:06.788983 - Found @PDSART2.txt (text/plain) in CBT.V508.FILE014.PDS, moved to PDS/@PDSART2
2025-04-14 22:09:06.789583 - Found @PDSART3.txt (text/plain) in CBT.V508.FILE014.PDS, moved to PDS/@PDSART3
2025-04-14 22:09:06.789915 - Found CBTCNR1.txt (text/plain) in CBT.V508.FILE014.PDS, moved to PDS/CBTCNR1
2025-04-14 22:09:06.790097 - Found CBTCNR2.txt (text/plain) in CBT.V508.FILE014.PDS, moved to PDS/CBTCNR2
2025-04-14 22:09:06.790498 - Found CBTINTRO.txt (text/plain) in CBT.V508.FILE014.PDS, moved to PDS/CBTINTRO
2025-04-14 22:09:06.791062 - Found IEFACTRT.txt (text/plain) in CBT.V508.FILE014.PDS, moved to PDS/IEFACTRT
2025-04-14 22:09:06.791358 - Found IOCOUN$$.txt (text/plain) in CBT.V508.FILE014.PDS, moved to PDS/IOCOUN$$
2025-04-14 22:09:06.791667 - Found IOCOUNT.txt (text/plain) in CBT.V508.FILE014.PDS, moved to PDS/IOCOUNT
2025-04-14 22:09:06.791961 - Found IOCOUNTA.txt (text/plain) in CBT.V508.FILE014.PDS, moved to PDS/IOCOUNTA
2025-04-14 22:09:06.792138 - Found IOCOUNTB.txt (text/plain) in CBT.V508.FILE014.PDS, moved to PDS/IOCOUNTB
2025-04-14 22:09:06.792475 - Found IOCOUNTC.txt (text/plain) in CBT.V508.FILE014.PDS, moved to PDS/IOCOUNTC
2025-04-14 22:09:06.792642 - Found IOCOUNTD.jcl (text/plain) in CBT.V508.FILE014.PDS, moved to PDS/IOCOUNTD
2025-04-14 22:09:06.792827 - Found JESART.txt (text/plain) in CBT.V508.FILE014.PDS, moved to PDS/JESART
2025-04-14 22:09:06.793330 - Found SMPARTCL.txt (text/plain) in CBT.V508.FILE014.PDS, moved to PDS/SMPARTCL
2025-04-14 22:09:06.793923 - Found SMPART2.txt (text/plain) in CBT.V508.FILE014.PDS, moved to PDS/SMPART2
